Info: Start Nativelink Simulation process

========= EDA Simulation Settings =====================

Sim Mode              :  Gate
Family                :  cycloneive
Quartus root          :  c:/altera/quartus/bin64/
Quartus sim root      :  c:/altera/quartus/eda/sim_lib
Simulation Tool       :  modelsim-altera
Simulation Language   :  verilog
Simulation Mode       :  GUI
Sim Output File       :  ProcessadorAOC.vo
Sim SDF file          :  ProcessadorAOC__verilog.sdo
Sim dir               :  simulation\modelsim

=======================================================

Info: Starting NativeLink simulation with ModelSim-Altera software
Sourced NativeLink script c:/altera/quartus/common/tcl/internal/nativelink/modelsim.tcl
Probing transcript
ModelSim-Altera Info: # Reading C:/Altera/modelsim_ase/tcl/vsim/pref.tcl
ModelSim-Altera Info: # do ProcessadorAOC_run_msim_gate_verilog.do
ModelSim-Altera Info: # if {[file exists gate_work]} {
ModelSim-Altera Info: # 	vdel -lib gate_work -all
ModelSim-Altera Info: # }
ModelSim-Altera Info: # vlib gate_work
ModelSim-Altera Info: # vmap work gate_work
ModelSim-Altera Info: # Model Technology ModelSim - Intel FPGA Edition vmap 10.5b Lib Mapping Utility 2016.10 Oct  5 2016
ModelSim-Altera Info: # vmap work gate_work 
ModelSim-Altera Info: # Copying C:/Altera/modelsim_ase/win32aloem/../modelsim.ini to modelsim.ini
ModelSim-Altera Info: # Modifying modelsim.ini
ModelSim-Altera Info: # 
ModelSim-Altera Info: # vlog -vlog01compat -work work +incdir+. {ProcessadorAOC.vo}
ModelSim-Altera Info: # Model Technology ModelSim - Intel FPGA Edition vlog 10.5b Compiler 2016.10 Oct  5 2016
ModelSim-Altera Info: # Start time: 20:28:05 on May 17,2018
ModelSim-Altera Info: # vlog -reportprogress 300 -vlog01compat -work work "+incdir+." ProcessadorAOC.vo 
ModelSim-Altera Info: # init_dbinfo() DATABASE ERROR: (sqlite3_open C:/Users/fcsou/Desktop/Disciplinas/Laboratório de Sistemas Computacionais - AOC/ProcessadorAOC/simulation/modelsim/gate_work/_lib.qdb): unable to open database file
ModelSim-Altera Info: # mtilibWrite(): INTERNAL ERROR: Unexpected null object encountered
ModelSim-Altera Error: # ** Fatal: (vlog-9) Problem while writing token file "C:/Users/fcsou/Desktop/Disciplinas/Laboratório de Sistemas Computacionais - AOC/ProcessadorAOC/simulation/modelsim/gate_work/_temp/vlog8mrje6".
ModelSim-Altera Info: # O sistema não pode encontrar o caminho especificado. (GetLastError() = 3)
ModelSim-Altera Error: # ** Error: ProcessadorAOC.vo(32): Verilog Compiler exiting
ModelSim-Altera Info: # End time: 20:28:05 on May 17,2018, Elapsed time: 0:00:00
ModelSim-Altera Info: # Errors: 2, Warnings: 0
ModelSim-Altera Error: # ** Error: C:/Altera/modelsim_ase/win32aloem/vlog failed.
ModelSim-Altera Info: # Error in macro ./ProcessadorAOC_run_msim_gate_verilog.do line 8
ModelSim-Altera Info: # C:/Altera/modelsim_ase/win32aloem/vlog failed.
ModelSim-Altera Info: #     while executing
ModelSim-Altera Info: # "vlog -vlog01compat -work work +incdir+. {ProcessadorAOC.vo}"
Error: Errors encountered while running modelsim do file
Error: NativeLink simulation flow was NOT successful



================The following additional information is provided to help identify the cause of error while running nativelink scripts=================
Nativelink TCL script failed with errorCode:  1
Nativelink TCL script failed with errorInfo:  1
    (procedure "launch_sim" line 1)
    invoked from within
"launch_sim launch_args_hash"
    ("eval" body line 1)
    invoked from within
"eval launch_sim launch_args_hash"
    invoked from within
"if [ info exists ::errorCode ] {
                set savedCode $::errorCode
                set savedInfo $::errorInfo
                error $result $..."
    invoked from within
"if [catch {eval launch_sim launch_args_hash} result ] {
            set status 1
            if [ info exists ::errorCode ] {
                set save..."
    (procedure "run_sim" line 74)
    invoked from within
"run_sim run_sim_args_hash"
    invoked from within
"if [ info exists ::errorCode ] {
            set savedCode $::errorCode
            set savedInfo $::errorInfo
            error "$result" $savedInfo ..."
    (procedure "run_eda_simulation_tool" line 334)
    invoked from within
"run_eda_simulation_tool eda_opts_hash"
